<?xml version="1.0" encoding="UTF-8"?>
<testsuites name="jest tests" tests="29" failures="0" errors="0" time="2.916">
  <testsuite name="Integration test" errors="0" failures="0" skipped="0" timestamp="2025-02-18T18:37:18" time="2.586" tests="3">
    <testcase classname="Integration test invalid input" name="Integration test invalid input" time="0.02">
    </testcase>
    <testcase classname="Integration test valid input" name="Integration test valid input" time="0.001">
    </testcase>
    <testcase classname="Integration test without command options" name="Integration test without command options" time="0">
    </testcase>
  </testsuite>
  <testsuite name="undefined" errors="0" failures="0" skipped="0" timestamp="2025-02-18T18:37:18" time="2.609" tests="17">
    <testcase classname=" manifest load" name=" manifest load" time="0.008">
    </testcase>
    <testcase classname=" stack-tags are deserialized properly" name=" stack-tags are deserialized properly" time="0.004">
    </testcase>
    <testcase classname=" manifest load succeeds on higher minor version" name=" manifest load succeeds on higher minor version" time="0.003">
    </testcase>
    <testcase classname=" manifest load fails on higher major version" name=" manifest load fails on higher major version" time="0.016">
    </testcase>
    <testcase classname=" assumeRoleAdditionalOptions.ExternalId is validated in stack artifact" name=" assumeRoleAdditionalOptions.ExternalId is validated in stack artifact" time="0.002">
    </testcase>
    <testcase classname=" manifest load succeeds on higher patch version" name=" manifest load succeeds on higher patch version" time="0.003">
    </testcase>
    <testcase classname=" manifest load does not fail if version checking is disabled, and unknown properties are added" name=" manifest load does not fail if version checking is disabled, and unknown properties are added" time="0.001">
    </testcase>
    <testcase classname=" manifest load succeeds on unknown properties" name=" manifest load succeeds on unknown properties" time="0.001">
    </testcase>
    <testcase classname=" manifest load fails for invalid nested property" name=" manifest load fails for invalid nested property" time="0.001">
    </testcase>
    <testcase classname=" manifest load fails on invalid version" name=" manifest load fails on invalid version" time="0.001">
    </testcase>
    <testcase classname=" assumeRoleAdditionalOptions.RoleArn is validated in missing context" name=" assumeRoleAdditionalOptions.RoleArn is validated in missing context" time="0.001">
    </testcase>
    <testcase classname=" assumeRoleAdditionalOptions.ExternalId is validated in missing context" name=" assumeRoleAdditionalOptions.ExternalId is validated in missing context" time="0.003">
    </testcase>
    <testcase classname=" manifest load fails for invalid artifact type" name=" manifest load fails for invalid artifact type" time="0.001">
    </testcase>
    <testcase classname=" load error includes CLI error if available" name=" load error includes CLI error if available" time="0">
    </testcase>
    <testcase classname=" manifest save" name=" manifest save" time="0.002">
    </testcase>
    <testcase classname=" can access random metadata" name=" can access random metadata" time="0.001">
    </testcase>
    <testcase classname=" assumeRoleAdditionalOptions.RoleArn is validated in stack artifact" name=" assumeRoleAdditionalOptions.RoleArn is validated in stack artifact" time="0.001">
    </testcase>
  </testsuite>
  <testsuite name="undefined" errors="0" failures="0" skipped="0" timestamp="2025-02-18T18:37:18" time="2.621" tests="9">
    <testcase classname=" assumeRoleAdditionalOptions.RoleArn is validated" name=" assumeRoleAdditionalOptions.RoleArn is validated" time="0.02">
    </testcase>
    <testcase classname="Docker image asset valid input" name="Docker image asset valid input" time="0.004">
    </testcase>
    <testcase classname="Docker image asset invalid input" name="Docker image asset invalid input" time="0.002">
    </testcase>
    <testcase classname="File asset valid input with &quot;file&quot; packaging" name="File asset valid input with &quot;file&quot; packaging" time="0.002">
    </testcase>
    <testcase classname="File asset valid input without packaging" name="File asset valid input without packaging" time="0.003">
    </testcase>
    <testcase classname="File asset valid input with &quot;zip&quot; packaging" name="File asset valid input with &quot;zip&quot; packaging" time="0.004">
    </testcase>
    <testcase classname="File asset invalid input bad &quot;source.packaging&quot; property" name="File asset invalid input bad &quot;source.packaging&quot; property" time="0.001">
    </testcase>
    <testcase classname="File asset invalid input bad &quot;source.path&quot; property" name="File asset invalid input bad &quot;source.path&quot; property" time="0.003">
    </testcase>
    <testcase classname=" assumeRoleAdditionalOptions.ExternalId is validated" name=" assumeRoleAdditionalOptions.ExternalId is validated" time="0.004">
    </testcase>
  </testsuite>
</testsuites>